---------------------------------------------
1 ROUGE-1 Average_R: 0.44439 (95%-conf.int. 0.38825 - 0.48973)
1 ROUGE-1 Average_P: 0.44360 (95%-conf.int. 0.38705 - 0.49053)
1 ROUGE-1 Average_F: 0.44356 (95%-conf.int. 0.38724 - 0.49011)
.............................................
1 ROUGE-1 Eval D1001-A.M.100.A.1 R:0.57613 P:0.55556 F:0.56566
1 ROUGE-1 Eval D1002-A.M.100.A.1 R:0.56904 P:0.53968 F:0.55397
1 ROUGE-1 Eval D1003-A.M.100.A.1 R:0.49784 P:0.47131 F:0.48421
1 ROUGE-1 Eval D1004-A.M.100.A.1 R:0.58678 P:0.55469 F:0.57028
1 ROUGE-1 Eval D1005-A.M.100.A.1 R:0.52459 P:0.53333 F:0.52892
1 ROUGE-1 Eval D1006-A.M.100.A.1 R:0.48276 P:0.51639 F:0.49901
1 ROUGE-1 Eval D1007-A.M.100.B.1 R:0.44000 P:0.46698 F:0.45309
1 ROUGE-1 Eval D1008-A.M.100.B.1 R:0.44355 P:0.43651 F:0.44000
1 ROUGE-1 Eval D1009-A.M.100.B.1 R:0.55310 P:0.52083 F:0.53648
1 ROUGE-1 Eval D1010-A.M.100.B.1 R:0.53200 P:0.50379 F:0.51751
1 ROUGE-1 Eval D1011-A.M.100.C.1 R:0.43966 P:0.47222 F:0.45536
1 ROUGE-1 Eval D1012-A.M.100.C.1 R:0.56504 P:0.59914 F:0.58159
1 ROUGE-1 Eval D1013-A.M.100.C.1 R:0.46988 P:0.44318 F:0.45614
1 ROUGE-1 Eval D1014-A.M.100.C.1 R:0.46444 P:0.49554 F:0.47949
1 ROUGE-1 Eval D1015-A.M.100.C.1 R:0.46038 P:0.50000 F:0.47937
1 ROUGE-1 Eval D1016-A.M.100.C.1 R:0.51570 P:0.49569 F:0.50550
1 ROUGE-1 Eval D1017-A.M.100.D.1 R:0.51429 P:0.49219 F:0.50300
1 ROUGE-1 Eval D1018-A.M.100.D.1 R:0.49791 P:0.47984 F:0.48871
1 ROUGE-1 Eval D1019-A.M.100.D.1 R:0.52917 P:0.56696 F:0.54741
1 ROUGE-1 Eval D1020-A.M.100.D.1 R:0.45041 P:0.42578 F:0.43775
1 ROUGE-1 Eval D1021-A.M.100.D.1 R:0.50000 P:0.47581 F:0.48761
1 ROUGE-1 Eval D1022-A.M.100.D.1 R:0.50628 P:0.54018 F:0.52268
1 ROUGE-1 Eval D1023-A.M.100.E.1 R:0.52479 P:0.52049 F:0.52263
1 ROUGE-1 Eval D1024-A.M.100.E.1 R:0.57083 P:0.59052 F:0.58051
1 ROUGE-1 Eval D1025-A.M.100.E.1 R:0.50885 P:0.47131 F:0.48936
1 ROUGE-1 Eval D1026-A.M.100.E.1 R:0.52991 P:0.54386 F:0.53679
1 ROUGE-1 Eval D1027-A.M.100.E.1 R:0.67063 P:0.65000 F:0.66015
1 ROUGE-1 Eval D1028-A.M.100.E.1 R:0.53333 P:0.49231 F:0.51200
1 ROUGE-1 Eval D1029-A.M.100.F.1 R:0.47500 P:0.50000 F:0.48718
1 ROUGE-1 Eval D1030-A.M.100.F.1 R:0.48016 P:0.51271 F:0.49590
1 ROUGE-1 Eval D1031-A.M.100.F.1 R:0.40816 P:0.42373 F:0.41580
1 ROUGE-1 Eval D1032-A.M.100.F.1 R:0.52290 P:0.52692 F:0.52490
1 ROUGE-1 Eval D1033-A.M.100.F.1 R:0.53719 P:0.47794 F:0.50584
1 ROUGE-1 Eval D1034-A.M.100.F.1 R:0.53498 P:0.47794 F:0.50485
1 ROUGE-1 Eval D1035-A.M.100.G.1 R:0.50000 P:0.52119 F:0.51038
1 ROUGE-1 Eval D1036-A.M.100.G.1 R:0.41224 P:0.44298 F:0.42706
1 ROUGE-1 Eval D1037-A.M.100.G.1 R:0.56944 P:0.52119 F:0.54425
1 ROUGE-1 Eval D1038-A.M.100.G.1 R:0.43922 P:0.50909 F:0.47158
1 ROUGE-1 Eval D1039-A.M.100.G.1 R:0.50204 P:0.53947 F:0.52008
1 ROUGE-1 Eval D1040-A.M.100.G.1 R:0.49362 P:0.49153 F:0.49257
1 ROUGE-1 Eval D1041-A.M.100.H.1 R:0.01969 P:0.02119 F:0.02041
1 ROUGE-1 Eval D1042-A.M.100.H.1 R:0.09417 P:0.08898 F:0.09150
1 ROUGE-1 Eval D1043-A.M.100.H.1 R:0.00847 P:0.00847 F:0.00847
1 ROUGE-1 Eval D1044-A.M.100.H.1 R:0.00844 P:0.00847 F:0.00845
1 ROUGE-1 Eval D1045-A.M.100.H.1 R:0.00000 P:0.00000 F:0.00000
1 ROUGE-1 Eval D1046-A.M.100.H.1 R:0.01575 P:0.01695 F:0.01633
---------------------------------------------
1 ROUGE-2 Average_R: 0.27611 (95%-conf.int. 0.23868 - 0.30575)
1 ROUGE-2 Average_P: 0.27529 (95%-conf.int. 0.23817 - 0.30403)
1 ROUGE-2 Average_F: 0.27543 (95%-conf.int. 0.23855 - 0.30524)
.............................................
1 ROUGE-2 Eval D1001-A.M.100.A.1 R:0.37238 P:0.35887 F:0.36550
1 ROUGE-2 Eval D1002-A.M.100.A.1 R:0.34043 P:0.32258 F:0.33126
1 ROUGE-2 Eval D1003-A.M.100.A.1 R:0.30396 P:0.28750 F:0.29550
1 ROUGE-2 Eval D1004-A.M.100.A.1 R:0.36975 P:0.34921 F:0.35919
1 ROUGE-2 Eval D1005-A.M.100.A.1 R:0.36250 P:0.36864 F:0.36554
1 ROUGE-2 Eval D1006-A.M.100.A.1 R:0.29961 P:0.32083 F:0.30986
1 ROUGE-2 Eval D1007-A.M.100.B.1 R:0.29864 P:0.31731 F:0.30769
1 ROUGE-2 Eval D1008-A.M.100.B.1 R:0.29918 P:0.29435 F:0.29675
1 ROUGE-2 Eval D1009-A.M.100.B.1 R:0.35586 P:0.33475 F:0.34498
1 ROUGE-2 Eval D1010-A.M.100.B.1 R:0.34553 P:0.32692 F:0.33597
1 ROUGE-2 Eval D1011-A.M.100.C.1 R:0.26754 P:0.28774 F:0.27727
1 ROUGE-2 Eval D1012-A.M.100.C.1 R:0.32645 P:0.34649 F:0.33617
1 ROUGE-2 Eval D1013-A.M.100.C.1 R:0.34286 P:0.32308 F:0.33268
1 ROUGE-2 Eval D1014-A.M.100.C.1 R:0.26809 P:0.28636 F:0.27692
1 ROUGE-2 Eval D1015-A.M.100.C.1 R:0.29502 P:0.32083 F:0.30738
1 ROUGE-2 Eval D1016-A.M.100.C.1 R:0.29680 P:0.28509 F:0.29083
1 ROUGE-2 Eval D1017-A.M.100.D.1 R:0.28216 P:0.26984 F:0.27586
1 ROUGE-2 Eval D1018-A.M.100.D.1 R:0.31915 P:0.30738 F:0.31315
1 ROUGE-2 Eval D1019-A.M.100.D.1 R:0.32627 P:0.35000 F:0.33772
1 ROUGE-2 Eval D1020-A.M.100.D.1 R:0.29832 P:0.28175 F:0.28980
1 ROUGE-2 Eval D1021-A.M.100.D.1 R:0.33190 P:0.31557 F:0.32353
1 ROUGE-2 Eval D1022-A.M.100.D.1 R:0.30638 P:0.32727 F:0.31648
1 ROUGE-2 Eval D1023-A.M.100.E.1 R:0.28571 P:0.28333 F:0.28452
1 ROUGE-2 Eval D1024-A.M.100.E.1 R:0.36864 P:0.38158 F:0.37500
1 ROUGE-2 Eval D1025-A.M.100.E.1 R:0.34685 P:0.32083 F:0.33333
1 ROUGE-2 Eval D1026-A.M.100.E.1 R:0.28261 P:0.29018 F:0.28634
1 ROUGE-2 Eval D1027-A.M.100.E.1 R:0.44355 P:0.42969 F:0.43651
1 ROUGE-2 Eval D1028-A.M.100.E.1 R:0.35169 P:0.32422 F:0.33740
1 ROUGE-2 Eval D1029-A.M.100.F.1 R:0.27542 P:0.29018 F:0.28261
1 ROUGE-2 Eval D1030-A.M.100.F.1 R:0.31855 P:0.34052 F:0.32917
1 ROUGE-2 Eval D1031-A.M.100.F.1 R:0.26556 P:0.27586 F:0.27061
1 ROUGE-2 Eval D1032-A.M.100.F.1 R:0.31395 P:0.31641 F:0.31518
1 ROUGE-2 Eval D1033-A.M.100.F.1 R:0.36134 P:0.32090 F:0.33992
1 ROUGE-2 Eval D1034-A.M.100.F.1 R:0.35146 P:0.31343 F:0.33136
1 ROUGE-2 Eval D1035-A.M.100.G.1 R:0.31405 P:0.32759 F:0.32068
1 ROUGE-2 Eval D1036-A.M.100.G.1 R:0.24481 P:0.26339 F:0.25376
1 ROUGE-2 Eval D1037-A.M.100.G.1 R:0.33491 P:0.30603 F:0.31982
1 ROUGE-2 Eval D1038-A.M.100.G.1 R:0.25498 P:0.29630 F:0.27409
1 ROUGE-2 Eval D1039-A.M.100.G.1 R:0.31120 P:0.33482 F:0.32258
1 ROUGE-2 Eval D1040-A.M.100.G.1 R:0.29437 P:0.29310 F:0.29373
1 ROUGE-2 Eval D1041-A.M.100.H.1 R:0.00000 P:0.00000 F:0.00000
1 ROUGE-2 Eval D1042-A.M.100.H.1 R:0.00000 P:0.00000 F:0.00000
1 ROUGE-2 Eval D1043-A.M.100.H.1 R:0.00000 P:0.00000 F:0.00000
1 ROUGE-2 Eval D1044-A.M.100.H.1 R:0.00000 P:0.00000 F:0.00000
1 ROUGE-2 Eval D1045-A.M.100.H.1 R:0.00000 P:0.00000 F:0.00000
1 ROUGE-2 Eval D1046-A.M.100.H.1 R:0.00000 P:0.00000 F:0.00000
---------------------------------------------
1 ROUGE-3 Average_R: 0.23512 (95%-conf.int. 0.20421 - 0.25940)
1 ROUGE-3 Average_P: 0.23449 (95%-conf.int. 0.20358 - 0.25926)
1 ROUGE-3 Average_F: 0.23456 (95%-conf.int. 0.20378 - 0.25889)
.............................................
1 ROUGE-3 Eval D1001-A.M.100.A.1 R:0.31064 P:0.29918 F:0.30480
1 ROUGE-3 Eval D1002-A.M.100.A.1 R:0.28571 P:0.27049 F:0.27789
1 ROUGE-3 Eval D1003-A.M.100.A.1 R:0.26457 P:0.25000 F:0.25708
1 ROUGE-3 Eval D1004-A.M.100.A.1 R:0.29060 P:0.27419 F:0.28216
1 ROUGE-3 Eval D1005-A.M.100.A.1 R:0.29661 P:0.30172 F:0.29914
1 ROUGE-3 Eval D1006-A.M.100.A.1 R:0.25692 P:0.27542 F:0.26585
1 ROUGE-3 Eval D1007-A.M.100.B.1 R:0.24885 P:0.26471 F:0.25654
1 ROUGE-3 Eval D1008-A.M.100.B.1 R:0.26667 P:0.26230 F:0.26447
1 ROUGE-3 Eval D1009-A.M.100.B.1 R:0.29358 P:0.27586 F:0.28444
1 ROUGE-3 Eval D1010-A.M.100.B.1 R:0.30579 P:0.28906 F:0.29719
1 ROUGE-3 Eval D1011-A.M.100.C.1 R:0.23214 P:0.25000 F:0.24074
1 ROUGE-3 Eval D1012-A.M.100.C.1 R:0.26891 P:0.28571 F:0.27706
1 ROUGE-3 Eval D1013-A.M.100.C.1 R:0.29046 P:0.27344 F:0.28169
1 ROUGE-3 Eval D1014-A.M.100.C.1 R:0.24242 P:0.25926 F:0.25056
1 ROUGE-3 Eval D1015-A.M.100.C.1 R:0.24125 P:0.26271 F:0.25152
1 ROUGE-3 Eval D1016-A.M.100.C.1 R:0.26977 P:0.25893 F:0.26424
1 ROUGE-3 Eval D1017-A.M.100.D.1 R:0.26160 P:0.25000 F:0.25567
1 ROUGE-3 Eval D1018-A.M.100.D.1 R:0.27273 P:0.26250 F:0.26752
1 ROUGE-3 Eval D1019-A.M.100.D.1 R:0.27586 P:0.29630 F:0.28571
1 ROUGE-3 Eval D1020-A.M.100.D.1 R:0.27350 P:0.25806 F:0.26556
1 ROUGE-3 Eval D1021-A.M.100.D.1 R:0.27193 P:0.25833 F:0.26496
1 ROUGE-3 Eval D1022-A.M.100.D.1 R:0.26407 P:0.28241 F:0.27293
1 ROUGE-3 Eval D1023-A.M.100.E.1 R:0.25214 P:0.25000 F:0.25107
1 ROUGE-3 Eval D1024-A.M.100.E.1 R:0.28879 P:0.29911 F:0.29386
1 ROUGE-3 Eval D1025-A.M.100.E.1 R:0.29358 P:0.27119 F:0.28194
1 ROUGE-3 Eval D1026-A.M.100.E.1 R:0.24336 P:0.25000 F:0.24664
1 ROUGE-3 Eval D1027-A.M.100.E.1 R:0.32377 P:0.31349 F:0.31855
1 ROUGE-3 Eval D1028-A.M.100.E.1 R:0.28879 P:0.26587 F:0.27686
1 ROUGE-3 Eval D1029-A.M.100.F.1 R:0.24138 P:0.25455 F:0.24779
1 ROUGE-3 Eval D1030-A.M.100.F.1 R:0.29098 P:0.31140 F:0.30084
1 ROUGE-3 Eval D1031-A.M.100.F.1 R:0.24473 P:0.25439 F:0.24947
1 ROUGE-3 Eval D1032-A.M.100.F.1 R:0.27165 P:0.27381 F:0.27273
1 ROUGE-3 Eval D1033-A.M.100.F.1 R:0.31624 P:0.28030 F:0.29719
1 ROUGE-3 Eval D1034-A.M.100.F.1 R:0.30213 P:0.26894 F:0.28457
1 ROUGE-3 Eval D1035-A.M.100.G.1 R:0.25630 P:0.26754 F:0.26180
1 ROUGE-3 Eval D1036-A.M.100.G.1 R:0.23207 P:0.25000 F:0.24070
1 ROUGE-3 Eval D1037-A.M.100.G.1 R:0.27885 P:0.25439 F:0.26606
1 ROUGE-3 Eval D1038-A.M.100.G.1 R:0.21862 P:0.25472 F:0.23529
1 ROUGE-3 Eval D1039-A.M.100.G.1 R:0.25738 P:0.27727 F:0.26696
1 ROUGE-3 Eval D1040-A.M.100.G.1 R:0.25110 P:0.25000 F:0.25055
1 ROUGE-3 Eval D1041-A.M.100.H.1 R:0.00000 P:0.00000 F:0.00000
1 ROUGE-3 Eval D1042-A.M.100.H.1 R:0.00000 P:0.00000 F:0.00000
1 ROUGE-3 Eval D1043-A.M.100.H.1 R:0.00000 P:0.00000 F:0.00000
1 ROUGE-3 Eval D1044-A.M.100.H.1 R:0.00000 P:0.00000 F:0.00000
1 ROUGE-3 Eval D1045-A.M.100.H.1 R:0.00000 P:0.00000 F:0.00000
1 ROUGE-3 Eval D1046-A.M.100.H.1 R:0.00000 P:0.00000 F:0.00000
---------------------------------------------
1 ROUGE-4 Average_R: 0.22348 (95%-conf.int. 0.19482 - 0.24711)
1 ROUGE-4 Average_P: 0.22287 (95%-conf.int. 0.19428 - 0.24530)
1 ROUGE-4 Average_F: 0.22294 (95%-conf.int. 0.19436 - 0.24566)
.............................................
1 ROUGE-4 Eval D1001-A.M.100.A.1 R:0.27706 P:0.26667 F:0.27177
1 ROUGE-4 Eval D1002-A.M.100.A.1 R:0.26432 P:0.25000 F:0.25696
1 ROUGE-4 Eval D1003-A.M.100.A.1 R:0.26484 P:0.25000 F:0.25721
1 ROUGE-4 Eval D1004-A.M.100.A.1 R:0.27391 P:0.25820 F:0.26582
1 ROUGE-4 Eval D1005-A.M.100.A.1 R:0.26724 P:0.27193 F:0.26956
1 ROUGE-4 Eval D1006-A.M.100.A.1 R:0.24498 P:0.26293 F:0.25364
1 ROUGE-4 Eval D1007-A.M.100.B.1 R:0.23474 P:0.25000 F:0.24213
1 ROUGE-4 Eval D1008-A.M.100.B.1 R:0.25424 P:0.25000 F:0.25210
1 ROUGE-4 Eval D1009-A.M.100.B.1 R:0.28037 P:0.26316 F:0.27149
1 ROUGE-4 Eval D1010-A.M.100.B.1 R:0.29412 P:0.27778 F:0.28572
1 ROUGE-4 Eval D1011-A.M.100.C.1 R:0.23182 P:0.25000 F:0.24057
1 ROUGE-4 Eval D1012-A.M.100.C.1 R:0.24786 P:0.26364 F:0.25551
1 ROUGE-4 Eval D1013-A.M.100.C.1 R:0.27004 P:0.25397 F:0.26176
1 ROUGE-4 Eval D1014-A.M.100.C.1 R:0.23348 P:0.25000 F:0.24146
1 ROUGE-4 Eval D1015-A.M.100.C.1 R:0.23715 P:0.25862 F:0.24742
1 ROUGE-4 Eval D1016-A.M.100.C.1 R:0.26066 P:0.25000 F:0.25522
1 ROUGE-4 Eval D1017-A.M.100.D.1 R:0.26180 P:0.25000 F:0.25576
1 ROUGE-4 Eval D1018-A.M.100.D.1 R:0.25991 P:0.25000 F:0.25486
1 ROUGE-4 Eval D1019-A.M.100.D.1 R:0.25439 P:0.27358 F:0.26364
1 ROUGE-4 Eval D1020-A.M.100.D.1 R:0.26522 P:0.25000 F:0.25739
1 ROUGE-4 Eval D1021-A.M.100.D.1 R:0.26339 P:0.25000 F:0.25652
1 ROUGE-4 Eval D1022-A.M.100.D.1 R:0.24229 P:0.25943 F:0.25057
1 ROUGE-4 Eval D1023-A.M.100.E.1 R:0.25217 P:0.25000 F:0.25108
1 ROUGE-4 Eval D1024-A.M.100.E.1 R:0.25439 P:0.26364 F:0.25893
1 ROUGE-4 Eval D1025-A.M.100.E.1 R:0.27570 P:0.25431 F:0.26457
1 ROUGE-4 Eval D1026-A.M.100.E.1 R:0.24324 P:0.25000 F:0.24657
1 ROUGE-4 Eval D1027-A.M.100.E.1 R:0.28750 P:0.27823 F:0.28279
1 ROUGE-4 Eval D1028-A.M.100.E.1 R:0.27632 P:0.25403 F:0.26471
1 ROUGE-4 Eval D1029-A.M.100.F.1 R:0.23684 P:0.25000 F:0.24324
1 ROUGE-4 Eval D1030-A.M.100.F.1 R:0.26667 P:0.28571 F:0.27586
1 ROUGE-4 Eval D1031-A.M.100.F.1 R:0.24034 P:0.25000 F:0.24507
1 ROUGE-4 Eval D1032-A.M.100.F.1 R:0.24800 P:0.25000 F:0.24900
1 ROUGE-4 Eval D1033-A.M.100.F.1 R:0.30435 P:0.26923 F:0.28571
1 ROUGE-4 Eval D1034-A.M.100.F.1 R:0.28139 P:0.25000 F:0.26477
1 ROUGE-4 Eval D1035-A.M.100.G.1 R:0.24359 P:0.25446 F:0.24891
1 ROUGE-4 Eval D1036-A.M.100.G.1 R:0.23176 P:0.25000 F:0.24053
1 ROUGE-4 Eval D1037-A.M.100.G.1 R:0.27451 P:0.25000 F:0.26168
1 ROUGE-4 Eval D1038-A.M.100.G.1 R:0.21399 P:0.25000 F:0.23060
1 ROUGE-4 Eval D1039-A.M.100.G.1 R:0.23176 P:0.25000 F:0.24053
1 ROUGE-4 Eval D1040-A.M.100.G.1 R:0.25112 P:0.25000 F:0.25056
1 ROUGE-4 Eval D1041-A.M.100.H.1 R:0.00000 P:0.00000 F:0.00000
1 ROUGE-4 Eval D1042-A.M.100.H.1 R:0.00000 P:0.00000 F:0.00000
1 ROUGE-4 Eval D1043-A.M.100.H.1 R:0.00000 P:0.00000 F:0.00000
1 ROUGE-4 Eval D1044-A.M.100.H.1 R:0.00000 P:0.00000 F:0.00000
1 ROUGE-4 Eval D1045-A.M.100.H.1 R:0.00000 P:0.00000 F:0.00000
1 ROUGE-4 Eval D1046-A.M.100.H.1 R:0.00000 P:0.00000 F:0.00000
